<?xml version="1.0" encoding="UTF-8" standalone="no"?>
<!DOCTYPE log SYSTEM "logger.dtd">
<log>
<record>
  <date>2018-09-13T14:12:56.234-0300</date>
  <logger>HERCULES RODRIGUES ANSELMO</logger>
  <level>FINE</level>
  <message>File 117210908-HERCULES RODRIGUES ANSELMO.zip was received. It was sent by HERCULES RODRIGUES ANSELMO from IP 150.165.42.144</message>
</record>
</log>
<?xml version="1.0" encoding="UTF-8" standalone="no"?>
<!DOCTYPE log SYSTEM "logger.dtd">
<log>
<record>
  <date>2018-09-14T15:51:24.524-0300</date>
  <logger>HERCULES RODRIGUES ANSELMO</logger>
  <level>FINE</level>
  <message>File 117210908-HERCULES RODRIGUES ANSELMO.zip was received. It was sent by HERCULES RODRIGUES ANSELMO from IP 192.168.1.110</message>
</record>
</log>
<?xml version="1.0" encoding="UTF-8" standalone="no"?>
<!DOCTYPE log SYSTEM "logger.dtd">
<log>
<record>
  <date>2018-09-15T20:28:23.051-0300</date>
  <logger>HERCULES RODRIGUES ANSELMO</logger>
  <level>FINE</level>
  <message>File 117210908-HERCULES RODRIGUES ANSELMO.zip was received. It was sent by HERCULES RODRIGUES ANSELMO from IP 192.168.0.6</message>
</record>
