<?xml version="1.0" encoding="UTF-8" standalone="no"?>
<!DOCTYPE log SYSTEM "logger.dtd">
<log>
<record>
  <date>2018-10-08T16:15:03.748-0300</date>
  <logger>HERCULES RODRIGUES ANSELMO</logger>
  <level>FINE</level>
  <message>File 117210908-HERCULES RODRIGUES ANSELMO.zip was received. It was sent by HERCULES RODRIGUES ANSELMO from IP 150.165.42.198</message>
</record>
</log>
<?xml version="1.0" encoding="UTF-8" standalone="no"?>
<!DOCTYPE log SYSTEM "logger.dtd">
<log>
<record>
  <date>2018-10-08T17:53:07.036-0300</date>
  <logger>HERCULES RODRIGUES ANSELMO</logger>
  <level>FINE</level>
  <message>File 117210908-HERCULES RODRIGUES ANSELMO.zip was received. It was sent by HERCULES RODRIGUES ANSELMO from IP 150.165.42.198</message>
</record>
</log>
<?xml version="1.0" encoding="UTF-8" standalone="no"?>
<!DOCTYPE log SYSTEM "logger.dtd">
<log>
<record>
  <date>2018-10-09T10:50:33.305-0300</date>
  <logger>HERCULES RODRIGUES ANSELMO</logger>
  <level>FINE</level>
  <message>File 117210908-HERCULES RODRIGUES ANSELMO.zip was received. It was sent by HERCULES RODRIGUES ANSELMO from IP 192.168.1.110</message>
</record>
</log>
<?xml version="1.0" encoding="UTF-8" standalone="no"?>
<!DOCTYPE log SYSTEM "logger.dtd">
<log>
<record>
  <date>2018-10-09T19:46:19.669-0300</date>
  <logger>HERCULES RODRIGUES ANSELMO</logger>
  <level>FINE</level>
  <message>File 117210908-HERCULES RODRIGUES ANSELMO.zip was received. It was sent by HERCULES RODRIGUES ANSELMO from IP 192.168.1.110</message>
</record>
