<?xml version="1.0" encoding="UTF-8" standalone="no"?>
<!DOCTYPE log SYSTEM "logger.dtd">
<log>
<record>
  <date>2018-11-29T14:04:22.115-0300</date>
  <logger>HERCULES RODRIGUES ANSELMO</logger>
  <level>FINE</level>
  <message>File 117210908-HERCULES RODRIGUES ANSELMO.zip was received. It was sent by HERCULES RODRIGUES ANSELMO from IP 150.165.42.184</message>
</record>
</log>
<?xml version="1.0" encoding="UTF-8" standalone="no"?>
<!DOCTYPE log SYSTEM "logger.dtd">
<log>
<record>
  <date>2018-11-29T14:47:20.801-0300</date>
  <logger>HERCULES RODRIGUES ANSELMO</logger>
  <level>FINE</level>
  <message>File 117210908-HERCULES RODRIGUES ANSELMO.zip was received. It was sent by HERCULES RODRIGUES ANSELMO from IP 150.165.42.184</message>
</record>
</log>
<?xml version="1.0" encoding="UTF-8" standalone="no"?>
<!DOCTYPE log SYSTEM "logger.dtd">
<log>
<record>
  <date>2018-11-29T15:33:30.610-0300</date>
  <logger>HERCULES RODRIGUES ANSELMO</logger>
  <level>FINE</level>
  <message>File 117210908-HERCULES RODRIGUES ANSELMO.zip was received. It was sent by HERCULES RODRIGUES ANSELMO from IP 150.165.42.184</message>
</record>
